#auto generated file!
180.0;76;102;122
186.0;76;102;122
192.0;78;99;123
198.0;76;103;121
204.0;75;101;124
210.0;74;104;122
216.0;72;107;121
222.0;72;110;118
228.0;73;109;118
234.0;75;109;116
240.0;75;110;115
246.0;78;107;115
252.0;78;108;114
258.0;77;109;114
264.0;77;113;110
270.0;75;116;109
276.0;77;115;108
282.0;81;112;107
288.0;80;115;105
294.0;81;117;102
300.0;83;116;101
306.0;83;118;99
312.0;84;117;99
318.0;85;116;99
324.0;86;117;97
330.0;88;118;94
336.0;88;120;92
342.0;90;118;92
348.0;92;117;91
354.0;92;119;89
360.0;90;121;89
366.0;89;123;88
372.0;89;120;91
378.0;89;124;87
384.0;85;125;90
390.0;85;127;88
396.0;86;125;89
402.0;86;126;88
408.0;86;128;86
414.0;87;127;86
420.0;85;127;88
426.0;87;126;87
432.0;89;123;88
438.0;88;125;87
444.0;86;126;88
450.0;83;129;88
456.0;83;129;88
462.0;83;130;87
468.0;83;127;90
474.0;83;127;90
480.0;85;126;89
486.0;85;125;90
492.0;85;126;89
498.0;86;126;88
504.0;84;128;88
510.0;83;126;91
516.0;81;125;94
522.0;79;125;96
528.0;79;126;95
534.0;82;125;93
540.0;80;122;98
546.0;80;120;100
552.0;81;120;99
558.0;80;117;103
564.0;78;115;107
570.0;76;115;109
576.0;79;112;109
582.0;81;111;108
588.0;81;114;105
594.0;81;113;106
600.0;82;114;104
606.0;84;116;100
612.0;85;115;100
618.0;84;117;99
624.0;81;114;105
630.0;79;116;105
636.0;80;116;104
642.0;80;118;102
648.0;78;117;105
654.0;80;115;105
660.0;80;115;105
666.0;79;119;102
672.0;79;117;104
678.0;78;116;106
684.0;74;116;110
690.0;75;114;111
696.0;76;113;111
702.0;75;112;113
708.0;73;113;114
714.0;74;113;113
720.0;73;111;116
726.0;72;114;114
732.0;73;116;111
738.0;75;116;109
744.0;76;115;109
750.0;76;113;111
756.0;77;114;109
762.0;78;113;109
768.0;77;114;109
774.0;75;115;110
780.0;76;114;110
786.0;77;114;109
792.0;78;114;108
798.0;79;115;106
804.0;79;114;107
810.0;76;119;105
816.0;77;121;102
822.0;77;121;102
828.0;77;122;101
834.0;79;118;103
840.0;78;117;105
846.0;77;119;104
852.0;78;118;104
858.0;77;114;109
864.0;76;115;109
870.0;75;117;108
876.0;75;120;105
882.0;73;123;104
888.0;74;119;107
894.0;75;119;106
900.0;78;118;104
906.0;76;116;108
912.0;76;114;110
918.0;79;112;109
924.0;81;110;109
930.0;81;108;111
936.0;82;107;111
942.0;83;107;110
948.0;82;106;112
954.0;84;106;110
960.0;86;110;104
966.0;87;109;104
972.0;88;111;101
978.0;89;112;99
984.0;88;113;99
990.0;86;115;99
996.0;86;112;102
1002.0;84;113;103
1008.0;85;115;100
1014.0;84;116;100
1020.0;84;118;98
1026.0;80;120;100
1032.0;80;120;100
1038.0;78;119;103
1044.0;80;120;100
1050.0;82;120;98
1056.0;83;120;97
1062.0;83;120;97
1068.0;83;121;96
1074.0;83;119;98
1080.0;80;118;102
1086.0;80;120;100
1092.0;80;122;98
1098.0;81;120;99
1104.0;81;120;99
1110.0;79;120;101
1116.0;80;119;101
1122.0;80;121;99
1128.0;80;120;100
1134.0;81;120;99
1140.0;81;122;97
1146.0;81;124;95
1152.0;80;122;98
1158.0;80;122;98
1164.0;79;123;98
1170.0;80;124;96
1176.0;80;125;95
1182.0;80;126;94
1188.0;78;127;95
1194.0;77;129;94
1200.0;79;125;96
1206.0;81;128;91
1212.0;83;126;91
1218.0;84;127;89
1224.0;84;125;91
1230.0;83;125;92
1236.0;84;125;91
1242.0;84;123;93
1248.0;85;126;89
1254.0;85;126;89
1260.0;86;125;89
1266.0;87;125;88
1272.0;89;125;86
1278.0;88;127;85
1284.0;89;124;87
1290.0;88;124;88
1296.0;88;128;84
1302.0;88;127;85
1308.0;89;123;88
1314.0;89;125;86
1320.0;89;126;85
1326.0;88;125;87
1332.0;89;124;87
1338.0;89;125;86
1344.0;90;123;87
1350.0;90;119;91
1356.0;89;116;95
1362.0;87;116;97
1368.0;87;118;95
1374.0;88;118;94
1380.0;88;119;93
1386.0;87;119;94
1392.0;86;121;93
1398.0;84;123;93
1404.0;84;121;95
1410.0;83;123;94
1416.0;82;123;95
1422.0;81;122;97
1428.0;82;124;94
1434.0;82;124;94
1440.0;83;121;96
1446.0;82;120;98
1452.0;82;118;100
1458.0;82;117;101
1464.0;83;116;101
1470.0;81;117;102
1476.0;83;115;102
1482.0;83;116;101
1488.0;83;116;101
1494.0;83;116;101
1500.0;82;112;106
1506.0;80;112;108
1512.0;79;110;111
1518.0;80;113;107
1524.0;84;109;107
1530.0;83;110;107
1536.0;84;110;106
1542.0;85;111;104
1548.0;85;112;103
1554.0;87;112;101
1560.0;92;109;99
1566.0;91;108;101
1572.0;91;111;98
1578.0;91;110;99
1584.0;90;111;99
1590.0;91;108;101
1596.0;89;113;98
1602.0;89;112;99
1608.0;89;112;99
1614.0;88;110;102
1620.0;88;111;101
1626.0;88;111;101
1632.0;88;113;99
1638.0;88;112;100
1644.0;89;111;100
1650.0;89;111;100
1656.0;91;113;96
1662.0;92;114;94
1668.0;92;114;94
1674.0;92;113;95
1680.0;93;110;97
1686.0;94;113;93
1692.0;92;114;94
1698.0;93;115;92
1704.0;93;115;92
1710.0;91;117;92
1716.0;91;118;91
1722.0;90;120;90
1728.0;91;120;89
1734.0;90;120;90
1740.0;89;119;92
1746.0;90;119;91
1752.0;93;118;89
1758.0;91;119;90
1764.0;91;119;90
1770.0;90;116;94
1776.0;88;120;92
1782.0;90;121;89
1788.0;91;119;90
1794.0;92;117;91
