#auto generated file!
180.0;136;213;251
186.0;138;215;247
192.0;140;215;245
198.0;137;217;246
204.0;141;216;243
210.0;142;218;240
216.0;143;215;242
222.0;142;213;245
228.0;147;216;237
234.0;149;215;236
240.0;148;216;236
246.0;148;218;234
252.0;148;218;234
258.0;149;219;232
264.0;149;220;231
270.0;148;224;228
276.0;148;221;231
282.0;149;224;227
288.0;150;223;227
294.0;149;225;226
300.0;149;228;223
306.0;147;231;222
312.0;149;233;218
318.0;147;237;216
324.0;148;235;217
330.0;147;240;213
336.0;149;237;214
342.0;148;240;212
348.0;147;243;210
354.0;146;243;211
360.0;146;242;212
366.0;147;243;210
372.0;151;241;208
378.0;154;241;205
384.0;156;238;206
390.0;151;246;203
396.0;149;248;203
402.0;148;246;206
408.0;153;243;204
414.0;154;241;205
420.0;159;236;205
426.0;158;237;205
432.0;157;238;205
438.0;157;236;207
444.0;157;237;206
450.0;156;235;209
456.0;157;238;205
462.0;162;235;203
468.0;164;235;201
474.0;165;237;198
480.0;165;238;197
486.0;165;241;194
492.0;166;238;196
498.0;169;241;190
504.0;170;237;193
510.0;172;233;195
516.0;170;233;197
522.0;172;231;197
528.0;169;232;199
534.0;173;232;195
540.0;170;232;198
546.0;169;238;193
552.0;170;235;195
558.0;175;231;194
564.0;177;231;192
570.0;173;230;197
576.0;174;231;195
582.0;170;232;198
588.0;169;228;203
594.0;167;229;204
600.0;163;231;206
606.0;163;232;205
612.0;164;234;202
618.0;165;236;199
624.0;167;229;204
630.0;169;229;202
636.0;168;228;204
642.0;168;227;205
648.0;168;224;208
654.0;170;222;208
660.0;170;223;207
666.0;171;219;210
672.0;167;219;214
678.0;167;218;215
684.0;167;218;215
690.0;164;223;213
696.0;163;225;212
702.0;163;221;216
708.0;164;219;217
714.0;166;219;215
720.0;161;223;216
726.0;160;220;220
732.0;160;218;222
738.0;162;218;220
744.0;163;220;217
750.0;161;221;218
756.0;162;228;210
762.0;157;229;214
768.0;158;229;213
774.0;156;227;217
780.0;154;228;218
786.0;154;226;220
792.0;154;226;220
798.0;156;225;219
804.0;156;233;211
810.0;159;231;210
816.0;159;235;206
822.0;158;234;208
828.0;158;232;210
834.0;159;230;211
840.0;157;234;209
846.0;155;233;212
852.0;153;235;212
858.0;153;231;216
864.0;154;231;215
870.0;154;230;216
876.0;155;229;216
882.0;158;228;214
888.0;154;230;216
894.0;154;229;217
900.0;157;229;214
906.0;157;228;215
912.0;157;231;212
918.0;158;232;210
924.0;160;235;205
930.0;158;240;202
936.0;159;235;206
942.0;157;237;206
948.0;156;238;206
954.0;156;240;204
960.0;155;244;201
966.0;157;245;198
972.0;158;243;199
978.0;158;246;196
984.0;162;243;195
990.0;163;243;194
996.0;162;242;196
1002.0;166;242;192
1008.0;165;242;193
1014.0;164;243;193
1020.0;163;245;192
1026.0;160;247;193
1032.0;162;245;193
1038.0;161;246;193
1044.0;162;245;193
1050.0;159;246;195
1056.0;161;247;192
1062.0;164;244;192
1068.0;161;246;193
1074.0;163;247;190
1080.0;165;247;188
1086.0;162;250;188
1092.0;165;246;189
1098.0;167;246;187
1104.0;167;241;192
1110.0;168;248;184
1116.0;168;247;185
1122.0;170;246;184
1128.0;170;248;182
1134.0;171;246;183
1140.0;171;243;186
1146.0;172;241;187
1152.0;171;244;185
1158.0;171;243;186
1164.0;171;245;184
1170.0;170;247;183
1176.0;168;247;185
1182.0;167;250;183
1188.0;171;248;181
1194.0;173;247;180
1200.0;175;248;177
1206.0;180;248;172
1212.0;179;251;170
1218.0;180;250;170
1224.0;179;251;170
1230.0;182;252;166
1236.0;181;251;168
1242.0;179;250;171
1248.0;182;245;173
1254.0;180;242;178
1260.0;181;243;176
1266.0;178;240;182
1272.0;178;242;180
1278.0;177;240;183
1284.0;173;239;188
1290.0;172;234;194
1296.0;174;236;190
1302.0;174;238;188
1308.0;174;239;187
1314.0;176;239;185
1320.0;179;235;186
1326.0;175;233;192
1332.0;174;232;194
1338.0;175;229;196
1344.0;177;227;196
1350.0;178;225;197
1356.0;178;228;194
1362.0;177;231;192
1368.0;175;231;194
1374.0;178;236;186
1380.0;175;235;190
1386.0;175;239;186
1392.0;177;237;186
1398.0;178;241;181
1404.0;177;245;178
1410.0;180;243;177
1416.0;182;243;175
1422.0;184;242;174
1428.0;182;245;173
1434.0;182;245;173
1440.0;183;246;171
1446.0;183;244;173
1452.0;180;236;184
1458.0;178;237;185
1464.0;180;234;186
1470.0;180;232;188
1476.0;180;232;188
1482.0;178;234;188
1488.0;178;239;183
1494.0;179;238;183
1500.0;178;242;180
1506.0;178;240;182
1512.0;180;238;182
1518.0;181;240;179
1524.0;181;236;183
1530.0;182;237;181
1536.0;183;238;179
1542.0;182;235;183
1548.0;183;236;181
1554.0;184;237;179
1560.0;182;234;184
1566.0;181;234;185
1572.0;182;235;183
1578.0;183;237;180
1584.0;182;235;183
1590.0;184;231;185
1596.0;186;232;182
1602.0;187;232;181
1608.0;186;231;183
1614.0;184;237;179
1620.0;179;238;183
1626.0;179;239;182
1632.0;178;242;180
1638.0;185;236;179
1644.0;187;236;177
1650.0;189;237;174
1656.0;192;234;174
1662.0;190;238;172
1668.0;189;242;169
1674.0;188;248;164
1680.0;191;244;165
1686.0;194;238;168
1692.0;195;236;169
1698.0;195;230;175
1704.0;194;229;177
1710.0;193;231;176
1716.0;193;230;177
1722.0;193;227;180
1728.0;196;226;178
1734.0;195;222;183
1740.0;192;224;184
1746.0;193;224;183
1752.0;193;224;183
1758.0;194;226;180
1764.0;198;224;178
1770.0;200;223;177
1776.0;201;222;177
1782.0;199;222;179
1788.0;198;228;174
1794.0;200;235;165
