#auto generated file!
180.0;128;234;238
186.0;127;233;240
192.0;131;236;233
198.0;132;237;231
204.0;132;239;229
210.0;136;240;224
216.0;136;242;222
222.0;137;244;219
228.0;135;243;222
234.0;136;242;222
240.0;137;238;225
246.0;134;241;225
252.0;134;245;221
258.0;136;244;220
264.0;138;246;216
270.0;139;246;215
276.0;137;243;220
282.0;137;242;221
288.0;135;239;226
294.0;137;242;221
300.0;138;244;218
306.0;139;248;213
312.0;143;243;214
318.0;140;248;212
324.0;138;253;209
330.0;139;250;211
336.0;141;245;214
342.0;142;246;212
348.0;141;241;218
354.0;145;242;213
360.0;147;238;215
366.0;146;237;217
372.0;147;241;212
378.0;147;240;213
384.0;145;240;215
390.0;146;246;208
396.0;146;252;202
402.0;146;253;201
408.0;150;250;200
414.0;153;252;195
420.0;153;253;194
426.0;148;255;197
432.0;147;252;201
438.0;148;253;199
444.0;148;252;200
450.0;147;258;195
456.0;152;256;192
462.0;150;259;191
468.0;150;257;193
474.0;150;258;192
480.0;154;257;189
486.0;158;256;186
492.0;161;251;188
498.0;159;251;190
504.0;161;245;194
510.0;161;245;194
516.0;162;239;199
522.0;161;240;199
528.0;165;242;193
534.0;166;240;194
540.0;162;245;193
546.0;163;250;187
552.0;160;248;192
558.0;157;247;196
564.0;157;247;196
570.0;155;251;194
576.0;155;248;197
582.0;155;246;199
588.0;156;245;199
594.0;154;246;200
600.0;155;245;200
606.0;152;247;201
612.0;155;246;199
618.0;155;248;197
624.0;157;248;195
630.0;158;248;194
636.0;160;247;193
642.0;161;248;191
648.0;159;250;191
654.0;158;247;195
660.0;161;246;193
666.0;160;248;192
672.0;158;246;196
678.0;156;242;202
684.0;158;236;206
690.0;158;233;209
696.0;160;233;207
702.0;164;234;202
708.0;164;237;199
714.0;164;234;202
720.0;163;234;203
726.0;162;234;204
732.0;160;235;205
738.0;161;233;206
744.0;164;226;210
750.0;165;224;211
756.0;164;223;213
762.0;164;220;216
768.0;164;219;217
774.0;162;219;219
780.0;158;220;222
786.0;160;220;220
792.0;161;219;220
798.0;161;217;222
804.0;159;220;221
810.0;159;221;220
816.0;161;222;217
822.0;164;224;212
828.0;166;228;206
834.0;167;228;205
840.0;167;233;200
846.0;168;231;201
852.0;171;230;199
858.0;173;230;197
864.0;173;231;196
870.0;172;233;195
876.0;172;235;193
882.0;169;236;195
888.0;169;233;198
894.0;171;231;198
900.0;171;230;199
906.0;168;228;204
912.0;168;228;204
918.0;169;227;204
924.0;171;228;201
930.0;172;231;197
936.0;172;233;195
942.0;172;235;193
948.0;171;236;193
954.0;171;235;194
960.0;170;233;197
966.0;169;234;197
972.0;172;235;193
978.0;172;238;190
984.0;171;235;194
990.0;173;233;194
996.0;174;230;196
1002.0;174;230;196
1008.0;175;230;195
1014.0;176;232;192
1020.0;174;234;192
1026.0;173;235;192
1032.0;171;239;190
1038.0;171;239;190
1044.0;173;239;188
1050.0;172;240;188
1056.0;174;244;182
1062.0;177;242;181
1068.0;172;242;186
1074.0;172;240;188
1080.0;173;245;182
1086.0;176;244;180
1092.0;179;241;180
1098.0;181;239;180
1104.0;180;241;179
1110.0;180;235;185
1116.0;180;231;189
1122.0;182;232;186
1128.0;184;230;186
1134.0;186;232;182
1140.0;187;234;179
1146.0;189;233;178
1152.0;189;231;180
1158.0;187;237;176
1164.0;186;237;177
1170.0;189;236;175
1176.0;187;235;178
1182.0;185;235;180
1188.0;184;234;182
1194.0;184;234;182
1200.0;185;233;182
1206.0;186;231;183
1212.0;186;235;179
1218.0;184;233;183
1224.0;184;231;185
1230.0;187;222;191
1236.0;188;224;188
1242.0;187;223;190
1248.0;188;224;188
1254.0;192;221;187
1260.0;189;223;188
1266.0;188;225;187
1272.0;188;223;189
1278.0;189;222;189
1284.0;190;221;189
1290.0;192;223;185
1296.0;192;223;185
1302.0;191;224;185
1308.0;190;228;182
1314.0;191;228;181
1320.0;189;229;182
1326.0;193;228;179
1332.0;194;223;183
1338.0;193;223;184
1344.0;192;227;181
1350.0;192;225;183
1356.0;192;221;187
1362.0;191;222;187
1368.0;190;223;187
1374.0;188;222;190
1380.0;189;223;188
1386.0;188;219;193
1392.0;188;214;198
1398.0;191;214;195
1404.0;194;217;189
1410.0;193;220;187
1416.0;191;218;191
1422.0;191;218;191
1428.0;189;220;191
1434.0;188;221;191
1440.0;188;219;193
1446.0;191;216;193
1452.0;191;217;192
1458.0;193;214;193
1464.0;192;217;191
1470.0;192;216;192
1476.0;195;217;188
1482.0;194;216;190
1488.0;193;214;193
1494.0;191;221;188
1500.0;190;216;194
1506.0;188;219;193
1512.0;186;216;198
1518.0;185;217;198
1524.0;183;222;195
1530.0;185;224;191
1536.0;184;229;187
1542.0;185;232;183
1548.0;184;235;181
1554.0;182;238;180
1560.0;183;237;180
1566.0;182;236;182
1572.0;181;236;183
1578.0;183;238;179
1584.0;182;235;183
1590.0;180;240;180
1596.0;180;237;183
1602.0;182;234;184
1608.0;182;235;183
1614.0;185;232;183
1620.0;186;228;186
1626.0;184;231;185
1632.0;183;235;182
1638.0;180;239;181
1644.0;178;237;185
1650.0;179;237;184
1656.0;180;239;181
1662.0;180;237;183
1668.0;180;237;183
1674.0;184;236;180
1680.0;181;235;184
1686.0;179;236;185
1692.0;181;231;188
1698.0;181;232;187
1704.0;180;229;191
1710.0;179;231;190
1716.0;184;229;187
1722.0;187;230;183
1728.0;185;229;186
1734.0;185;231;184
1740.0;183;231;186
1746.0;182;234;184
1752.0;184;234;182
1758.0;182;235;183
1764.0;184;233;183
1770.0;182;236;182
1776.0;183;234;183
1782.0;183;232;185
1788.0;184;233;183
1794.0;184;231;185
