#auto generated file!
180.0;85;141;174
186.0;87;142;171
192.0;89;147;164
198.0;88;147;165
204.0;88;149;163
210.0;91;147;162
216.0;91;147;162
222.0;92;148;160
228.0;95;149;156
234.0;94;149;157
240.0;95;151;154
246.0;94;151;155
252.0;93;153;154
258.0;94;154;152
264.0;91;156;153
270.0;90;157;153
276.0;90;157;153
282.0;93;158;149
288.0;94;160;146
294.0;95;160;145
300.0;94;161;145
306.0;92;163;145
312.0;92;160;148
318.0;93;160;147
324.0;94;159;147
330.0;95;157;148
336.0;96;161;143
342.0;98;160;142
348.0;100;161;139
354.0;100;158;142
360.0;98;159;143
366.0;100;159;141
372.0;104;156;140
378.0;104;157;139
384.0;106;156;138
390.0;105;160;135
396.0;103;162;135
402.0;106;165;129
408.0;106;164;130
414.0;107;164;129
420.0;105;162;133
426.0;109;164;127
432.0;109;162;129
438.0;107;166;127
444.0;107;168;125
450.0;110;166;124
456.0;110;165;125
462.0;109;165;126
468.0;108;162;130
474.0;109;167;124
480.0;109;169;122
486.0;109;168;123
492.0;109;168;123
498.0;110;169;121
504.0;111;167;122
510.0;111;169;120
516.0;108;170;122
522.0;110;169;121
528.0;112;166;122
534.0;113;166;121
540.0;112;164;124
546.0;111;166;123
552.0;111;162;127
558.0;113;162;125
564.0;113;161;126
570.0;115;162;123
576.0;113;162;125
582.0;111;162;127
588.0;111;164;125
594.0;112;164;124
600.0;113;164;123
606.0;113;166;121
612.0;113;167;120
618.0;113;167;120
624.0;112;165;123
630.0;109;164;127
636.0;110;165;125
642.0;111;163;126
648.0;113;162;125
654.0;113;165;122
660.0;113;165;122
666.0;114;162;124
672.0;114;161;125
678.0;115;161;124
684.0;118;158;124
690.0;117;160;123
696.0;116;162;122
702.0;115;161;124
708.0;116;161;123
714.0;116;163;121
720.0;120;164;116
726.0;120;162;118
732.0;120;162;118
738.0;117;164;119
744.0;116;166;118
750.0;114;168;118
756.0;116;166;118
762.0;113;166;121
768.0;111;163;126
774.0;113;161;126
780.0;114;162;124
786.0;113;163;124
792.0;115;158;127
798.0;118;160;122
804.0;118;162;120
810.0;122;162;116
816.0;125;162;113
822.0;124;167;109
828.0;123;171;106
834.0;124;172;104
840.0;123;174;103
846.0;121;174;105
852.0;116;175;109
858.0;115;176;109
864.0;113;178;109
870.0;114;179;107
876.0;113;179;108
882.0;112;178;110
888.0;113;180;107
894.0;112;176;112
900.0;110;174;116
906.0;109;175;116
912.0;111;175;114
918.0;111;174;115
924.0;111;173;116
930.0;110;171;119
936.0;115;168;117
942.0;115;169;116
948.0;113;166;121
954.0;111;167;122
960.0;110;170;120
966.0;112;171;117
972.0;113;170;117
978.0;110;172;118
984.0;111;172;117
990.0;114;173;113
996.0;116;171;113
1002.0;118;166;116
1008.0;120;163;117
1014.0;121;163;116
1020.0;120;165;115
1026.0;118;167;115
1032.0;119;168;113
1038.0;118;167;115
1044.0;117;166;117
1050.0;119;163;118
1056.0;116;161;123
1062.0;118;159;123
1068.0;117;161;122
1074.0;118;164;118
1080.0;119;159;122
1086.0;121;158;121
1092.0;116;160;124
1098.0;114;161;125
1104.0;116;165;119
1110.0;115;165;120
1116.0;117;160;123
1122.0;118;160;122
1128.0;121;162;117
1134.0;120;164;116
1140.0;120;163;117
1146.0;117;166;117
1152.0;117;168;115
1158.0;120;169;111
1164.0;119;168;113
1170.0;118;168;114
1176.0;118;165;117
1182.0;119;167;114
1188.0;122;171;107
1194.0;121;168;111
1200.0;119;167;114
1206.0;120;164;116
1212.0;123;164;113
1218.0;126;163;111
1224.0;126;161;113
1230.0;126;161;113
1236.0;127;160;113
1242.0;127;158;115
1248.0;126;158;116
1254.0;125;158;117
1260.0;125;157;118
1266.0;122;158;120
1272.0;122;159;119
1278.0;124;158;118
1284.0;124;156;120
1290.0;126;154;120
1296.0;126;156;118
1302.0;126;156;118
1308.0;125;155;120
1314.0;126;153;121
1320.0;126;151;123
1326.0;127;149;124
1332.0;126;152;122
1338.0;126;149;125
1344.0;127;149;124
1350.0;127;150;123
1356.0;124;151;125
1362.0;125;150;125
1368.0;124;152;124
1374.0;124;149;127
1380.0;123;151;126
1386.0;123;149;128
1392.0;120;150;130
1398.0;119;150;131
1404.0;120;148;132
1410.0;118;149;133
1416.0;119;146;135
1422.0;120;143;137
1428.0;121;144;135
1434.0;123;144;133
1440.0;126;143;131
1446.0;127;145;128
1452.0;127;145;128
1458.0;127;144;129
1464.0;126;145;129
1470.0;124;142;134
1476.0;126;140;134
1482.0;128;139;133
1488.0;131;139;130
1494.0;131;141;128
1500.0;130;140;130
1506.0;129;140;131
1512.0;126;142;132
1518.0;127;143;130
1524.0;123;143;134
1530.0;124;144;132
1536.0;124;145;131
1542.0;123;145;132
1548.0;124;146;130
1554.0;124;148;128
1560.0;126;148;126
1566.0;127;148;125
1572.0;127;146;127
1578.0;121;142;137
1584.0;119;142;139
1590.0;118;144;138
1596.0;119;145;136
1602.0;119;147;134
1608.0;121;147;132
1614.0;119;150;131
1620.0;120;144;136
1626.0;122;146;132
1632.0;124;147;129
1638.0;124;145;131
1644.0;124;147;129
1650.0;125;145;130
1656.0;126;145;129
1662.0;126;147;127
1668.0;129;146;125
1674.0;132;143;125
1680.0;130;145;125
1686.0;133;146;121
1692.0;132;147;121
1698.0;132;149;119
1704.0;133;151;116
1710.0;135;149;116
1716.0;135;148;117
1722.0;135;152;113
1728.0;132;151;117
1734.0;130;151;119
1740.0;133;151;116
1746.0;133;151;116
1752.0;132;152;116
1758.0;133;152;115
1764.0;130;152;118
1770.0;132;151;117
1776.0;131;150;119
1782.0;130;152;118
1788.0;129;154;117
1794.0;129;153;118
